<?xml version="1.0" encoding="UTF-8"?>
<testng-results skipped="0" failed="0" total="1" passed="1">
  <reporter-output>
  </reporter-output>
  <suite name="Default suite" duration-ms="17" started-at="2021-12-16T06:19:39Z" finished-at="2021-12-16T06:19:39Z">
    <groups>
    </groups>
    <test name="Default test" duration-ms="17" started-at="2021-12-16T06:19:39Z" finished-at="2021-12-16T06:19:39Z">
      <class name="toolsPractice.ReggressionTest">
        <test-method status="PASS" signature="reggressionTest()[pri:0, instance:toolsPractice.ReggressionTest@6d8a00e3]" name="reggressionTest" duration-ms="0" started-at="2021-12-16T11:49:39Z" finished-at="2021-12-16T11:49:39Z">
          <reporter-output>
          </reporter-output>
        </test-method> <!-- reggressionTest -->
      </class> <!-- toolsPractice.ReggressionTest -->
    </test> <!-- Default test -->
  </suite> <!-- Default suite -->
</testng-results>
